2022-03-21 05:44:31 [INFO] crtsurfdata is running ... 
2022-03-21 05:44:31 [INFO] Successfully generated file /root/meteorological-data-center/tmp/surfdata/SURF_ZH_20220321054431_5902.xml, Time: 20220321054431, Entry number: 839.
2022-03-21 05:44:31 [INFO] Successfully generated file /root/meteorological-data-center/tmp/surfdata/SURF_ZH_20220321054431_5902.json, Time: 20220321054431, Entry number: 839.
2022-03-21 05:44:31 [INFO] Successfully generated file /root/meteorological-data-center/tmp/surfdata/SURF_ZH_20220321054431_5902.csv, Time: 20220321054431, Entry number: 839.
2022-03-21 05:44:31 [INFO] crtsurfdata has stopped. 
2022-03-21 05:44:36 [INFO] crtsurfdata is running ... 
2022-03-21 05:44:36 [INFO] Successfully generated file /root/meteorological-data-center/tmp/surfdata/SURF_ZH_20220321054436_5927.xml, Time: 20220321054436, Entry number: 839.
2022-03-21 05:44:36 [INFO] Successfully generated file /root/meteorological-data-center/tmp/surfdata/SURF_ZH_20220321054436_5927.json, Time: 20220321054436, Entry number: 839.
2022-03-21 05:44:36 [INFO] Successfully generated file /root/meteorological-data-center/tmp/surfdata/SURF_ZH_20220321054436_5927.csv, Time: 20220321054436, Entry number: 839.
2022-03-21 05:44:36 [INFO] crtsurfdata has stopped. 
2022-03-21 05:44:41 [INFO] crtsurfdata is running ... 
2022-03-21 05:44:41 [INFO] Successfully generated file /root/meteorological-data-center/tmp/surfdata/SURF_ZH_20220321054441_5934.xml, Time: 20220321054441, Entry number: 839.
2022-03-21 05:44:41 [INFO] Successfully generated file /root/meteorological-data-center/tmp/surfdata/SURF_ZH_20220321054441_5934.json, Time: 20220321054441, Entry number: 839.
2022-03-21 05:44:41 [INFO] Successfully generated file /root/meteorological-data-center/tmp/surfdata/SURF_ZH_20220321054441_5934.csv, Time: 20220321054441, Entry number: 839.
2022-03-21 05:44:41 [INFO] crtsurfdata has stopped. 
2022-03-21 05:44:46 [INFO] crtsurfdata is running ... 
2022-03-21 05:44:46 [INFO] Successfully generated file /root/meteorological-data-center/tmp/surfdata/SURF_ZH_20220321054446_5941.xml, Time: 20220321054446, Entry number: 839.
2022-03-21 05:44:46 [INFO] Successfully generated file /root/meteorological-data-center/tmp/surfdata/SURF_ZH_20220321054446_5941.json, Time: 20220321054446, Entry number: 839.
2022-03-21 05:44:46 [INFO] Successfully generated file /root/meteorological-data-center/tmp/surfdata/SURF_ZH_20220321054446_5941.csv, Time: 20220321054446, Entry number: 839.
2022-03-21 05:44:46 [INFO] crtsurfdata has stopped. 
2022-03-21 05:44:51 [INFO] crtsurfdata is running ... 
2022-03-21 05:44:51 [INFO] Successfully generated file /root/meteorological-data-center/tmp/surfdata/SURF_ZH_20220321054451_5958.xml, Time: 20220321054451, Entry number: 839.
2022-03-21 05:44:51 [INFO] Successfully generated file /root/meteorological-data-center/tmp/surfdata/SURF_ZH_20220321054451_5958.json, Time: 20220321054451, Entry number: 839.
2022-03-21 05:44:51 [INFO] Successfully generated file /root/meteorological-data-center/tmp/surfdata/SURF_ZH_20220321054451_5958.csv, Time: 20220321054451, Entry number: 839.
2022-03-21 05:44:51 [INFO] crtsurfdata has stopped. 
